[35m[1mScanning dependencies of target trajectory_msgs_generate_messages_eus[0m
[  0%] Built target trajectory_msgs_generate_messages_eus
[35m[1mScanning dependencies of target roscpp_generate_messages_eus[0m
[  0%] Built target roscpp_generate_messages_eus
[35m[1mScanning dependencies of target roscpp_generate_messages_py[0m
[  0%] Built target roscpp_generate_messages_py
[35m[1mScanning dependencies of target tf_generate_messages_lisp[0m
[  0%] Built target tf_generate_messages_lisp
[35m[1mScanning dependencies of target tf_generate_messages_cpp[0m
[  0%] Built target tf_generate_messages_cpp
[35m[1mScanning dependencies of target std_srvs_generate_messages_eus[0m
[  0%] Built target std_srvs_generate_messages_eus
[35m[1mScanning dependencies of target octomap_msgs_generate_messages_nodejs[0m
[  0%] Built target octomap_msgs_generate_messages_nodejs
[35m[1mScanning dependencies of target trajectory_msgs_generate_messages_cpp[0m
[  0%] Built target trajectory_msgs_generate_messages_cpp
[35m[1mScanning dependencies of target geometry_msgs_generate_messages_cpp[0m
[  0%] Built target geometry_msgs_generate_messages_cpp
[35m[1mScanning dependencies of target octomap_msgs_generate_messages_eus[0m
[  0%] Built target octomap_msgs_generate_messages_eus
[35m[1mScanning dependencies of target trajectory_msgs_generate_messages_nodejs[0m
[  0%] Built target trajectory_msgs_generate_messages_nodejs
[35m[1mScanning dependencies of target tf_generate_messages_py[0m
[  0%] Built target tf_generate_messages_py
[35m[1mScanning dependencies of target sensor_msgs_generate_messages_cpp[0m
[  0%] Built target sensor_msgs_generate_messages_cpp
[35m[1mScanning dependencies of target topic_tools_generate_messages_cpp[0m
[  0%] Built target topic_tools_generate_messages_cpp
[35m[1mScanning dependencies of target mav_msgs_generate_messages_py[0m
[  0%] Built target mav_msgs_generate_messages_py
[35m[1mScanning dependencies of target topic_tools_generate_messages_eus[0m
[  0%] Built target topic_tools_generate_messages_eus
[35m[1mScanning dependencies of target mav_msgs_generate_messages_lisp[0m
[  0%] Built target mav_msgs_generate_messages_lisp
[35m[1mScanning dependencies of target actionlib_msgs_generate_messages_lisp[0m
[  0%] Built target actionlib_msgs_generate_messages_lisp
[35m[1mScanning dependencies of target std_msgs_generate_messages_nodejs[0m
[  0%] Built target std_msgs_generate_messages_nodejs
[35m[1mScanning dependencies of target mav_msgs_generate_messages_nodejs[0m
[  0%] Built target mav_msgs_generate_messages_nodejs
[35m[1mScanning dependencies of target rosgraph_msgs_generate_messages_py[0m
[  0%] Built target rosgraph_msgs_generate_messages_py
[35m[1mScanning dependencies of target actionlib_generate_messages_cpp[0m
[  0%] Built target actionlib_generate_messages_cpp
[35m[1mScanning dependencies of target trajectory_msgs_generate_messages_py[0m
[  0%] Built target trajectory_msgs_generate_messages_py
[35m[1mScanning dependencies of target actionlib_generate_messages_nodejs[0m
[  0%] Built target actionlib_generate_messages_nodejs
[35m[1mScanning dependencies of target actionlib_msgs_generate_messages_cpp[0m
[  0%] Built target actionlib_msgs_generate_messages_cpp
[35m[1mScanning dependencies of target sensor_msgs_generate_messages_py[0m
[  0%] Built target sensor_msgs_generate_messages_py
[35m[1mScanning dependencies of target roscpp_generate_messages_nodejs[0m
[  0%] Built target roscpp_generate_messages_nodejs
[35m[1mScanning dependencies of target tf_generate_messages_eus[0m
[  0%] Built target tf_generate_messages_eus
[35m[1mScanning dependencies of target rotors_comm_generate_messages_nodejs[0m
[  0%] Built target rotors_comm_generate_messages_nodejs
[35m[1mScanning dependencies of target trajectory_msgs_generate_messages_lisp[0m
[  0%] Built target trajectory_msgs_generate_messages_lisp
[35m[1mScanning dependencies of target mav_msgs_generate_messages_cpp[0m
[  0%] Built target mav_msgs_generate_messages_cpp
[35m[1mScanning dependencies of target std_srvs_generate_messages_nodejs[0m
[  0%] Built target std_srvs_generate_messages_nodejs
[35m[1mScanning dependencies of target std_msgs_generate_messages_cpp[0m
[  0%] Built target std_msgs_generate_messages_cpp
[35m[1mScanning dependencies of target sensor_msgs_generate_messages_nodejs[0m
[  0%] Built target sensor_msgs_generate_messages_nodejs
[35m[1mScanning dependencies of target rosgraph_msgs_generate_messages_cpp[0m
[  0%] Built target rosgraph_msgs_generate_messages_cpp
[35m[1mScanning dependencies of target roscpp_generate_messages_cpp[0m
[  0%] Built target roscpp_generate_messages_cpp
[35m[1mScanning dependencies of target geometry_msgs_generate_messages_nodejs[0m
[  0%] Built target geometry_msgs_generate_messages_nodejs
[35m[1mScanning dependencies of target geometry_msgs_generate_messages_eus[0m
[  0%] Built target geometry_msgs_generate_messages_eus
[35m[1mScanning dependencies of target nav_msgs_generate_messages_py[0m
[  0%] Built target nav_msgs_generate_messages_py
[35m[1mScanning dependencies of target std_msgs_generate_messages_lisp[0m
[  0%] Built target std_msgs_generate_messages_lisp
[35m[1mScanning dependencies of target geometry_msgs_generate_messages_py[0m
[  0%] Built target geometry_msgs_generate_messages_py
[35m[1mScanning dependencies of target geometry_msgs_generate_messages_lisp[0m
[  0%] Built target geometry_msgs_generate_messages_lisp
[35m[1mScanning dependencies of target std_srvs_generate_messages_lisp[0m
[  0%] Built target std_srvs_generate_messages_lisp
[35m[1mScanning dependencies of target roscpp_generate_messages_lisp[0m
[  0%] Built target roscpp_generate_messages_lisp
[35m[1mScanning dependencies of target tf_generate_messages_nodejs[0m
[  0%] Built target tf_generate_messages_nodejs
[35m[1mScanning dependencies of target std_srvs_generate_messages_py[0m
[  0%] Built target std_srvs_generate_messages_py
[35m[1mScanning dependencies of target mav_msgs_generate_messages_eus[0m
[  0%] Built target mav_msgs_generate_messages_eus
[35m[1mScanning dependencies of target std_msgs_generate_messages_py[0m
[  0%] Built target std_msgs_generate_messages_py
[35m[1mScanning dependencies of target rosgraph_msgs_generate_messages_eus[0m
[  0%] Built target rosgraph_msgs_generate_messages_eus
[35m[1mScanning dependencies of target rosgraph_msgs_generate_messages_lisp[0m
[  0%] Built target rosgraph_msgs_generate_messages_lisp
[35m[1mScanning dependencies of target rosgraph_msgs_generate_messages_nodejs[0m
[  0%] Built target rosgraph_msgs_generate_messages_nodejs
[35m[1mScanning dependencies of target std_msgs_generate_messages_eus[0m
[  0%] Built target std_msgs_generate_messages_eus
[35m[1mScanning dependencies of target actionlib_generate_messages_eus[0m
[  0%] Built target actionlib_generate_messages_eus
[35m[1mScanning dependencies of target octomap_msgs_generate_messages_py[0m
[  0%] Built target octomap_msgs_generate_messages_py
[35m[1mScanning dependencies of target actionlib_generate_messages_lisp[0m
[  0%] Built target actionlib_generate_messages_lisp
[35m[1mScanning dependencies of target actionlib_msgs_generate_messages_eus[0m
[  0%] Built target actionlib_msgs_generate_messages_eus
[35m[1mScanning dependencies of target rotors_comm_generate_messages_lisp[0m
[  0%] Built target rotors_comm_generate_messages_lisp
[35m[1mScanning dependencies of target actionlib_generate_messages_py[0m
[  0%] Built target actionlib_generate_messages_py
[35m[1mScanning dependencies of target actionlib_msgs_generate_messages_nodejs[0m
[  0%] Built target actionlib_msgs_generate_messages_nodejs
[35m[1mScanning dependencies of target tf2_msgs_generate_messages_py[0m
[35m[1mScanning dependencies of target octomap_msgs_generate_messages_lisp[0m
[  0%] Built target tf2_msgs_generate_messages_py
[  0%] Built target octomap_msgs_generate_messages_lisp
[35m[1mScanning dependencies of target octomap_msgs_generate_messages_cpp[0m
[  0%] Built target octomap_msgs_generate_messages_cpp
[35m[1mScanning dependencies of target topic_tools_generate_messages_py[0m
[  0%] Built target topic_tools_generate_messages_py
[35m[1mScanning dependencies of target actionlib_msgs_generate_messages_py[0m
[  0%] Built target actionlib_msgs_generate_messages_py
[35m[1mScanning dependencies of target tf2_msgs_generate_messages_cpp[0m
[  0%] Built target tf2_msgs_generate_messages_cpp
[35m[1mScanning dependencies of target tf2_msgs_generate_messages_nodejs[0m
[  0%] Built target tf2_msgs_generate_messages_nodejs
[35m[1mScanning dependencies of target std_srvs_generate_messages_cpp[0m
[  0%] Built target std_srvs_generate_messages_cpp
[35m[1mScanning dependencies of target topic_tools_generate_messages_lisp[0m
[  0%] Built target topic_tools_generate_messages_lisp
[35m[1mScanning dependencies of target sensor_msgs_generate_messages_lisp[0m
[  0%] Built target sensor_msgs_generate_messages_lisp
[35m[1mScanning dependencies of target topic_tools_generate_messages_nodejs[0m
[  0%] Built target topic_tools_generate_messages_nodejs
[35m[1mScanning dependencies of target sensor_msgs_generate_messages_eus[0m
[  0%] Built target sensor_msgs_generate_messages_eus
[35m[1mScanning dependencies of target rotors_comm_generate_messages_cpp[0m
[  0%] Built target rotors_comm_generate_messages_cpp
[35m[1mScanning dependencies of target tf2_msgs_generate_messages_lisp[0m
[  0%] Built target tf2_msgs_generate_messages_lisp
[35m[1mScanning dependencies of target nav_msgs_generate_messages_cpp[0m
[  0%] Built target nav_msgs_generate_messages_cpp
[35m[1mScanning dependencies of target rotors_comm_generate_messages_py[0m
[  0%] Built target rotors_comm_generate_messages_py
[35m[1mScanning dependencies of target tf2_msgs_generate_messages_eus[0m
[  0%] Built target tf2_msgs_generate_messages_eus
[35m[1mScanning dependencies of target rotors_comm_generate_messages_eus[0m
[  0%] Built target rotors_comm_generate_messages_eus
[35m[1mScanning dependencies of target nav_msgs_generate_messages_eus[0m
[  0%] Built target nav_msgs_generate_messages_eus
[35m[1mScanning dependencies of target nav_msgs_generate_messages_lisp[0m
[  0%] Built target nav_msgs_generate_messages_lisp
[35m[1mScanning dependencies of target nav_msgs_generate_messages_nodejs[0m
[  0%] Built target nav_msgs_generate_messages_nodejs
[  1%] [34m[1mRunning C++ protocol buffer compiler on /home/kevin/workSpace/hw5_ws/src/rotors_simulator/rotors_gazebo_plugins/msgs/Header.proto[0m
[  2%] [34m[1mRunning C++ protocol buffer compiler on /home/kevin/workSpace/hw5_ws/src/rotors_simulator/rotors_gazebo_plugins/msgs/RollPitchYawrateThrust.proto[0m
[  3%] [34m[1mRunning C++ protocol buffer compiler on /home/kevin/workSpace/hw5_ws/src/rotors_simulator/rotors_gazebo_plugins/msgs/ConnectGazeboToRosTopic.proto[0m
[  4%] [34m[1mRunning C++ protocol buffer compiler on /home/kevin/workSpace/hw5_ws/src/rotors_simulator/rotors_gazebo_plugins/msgs/Actuators.proto[0m
[  5%] [34m[1mRunning C++ protocol buffer compiler on /home/kevin/workSpace/hw5_ws/src/rotors_simulator/rotors_gazebo_plugins/msgs/PoseWithCovariance.proto[0m
[  6%] [34m[1mRunning C++ protocol buffer compiler on /home/kevin/workSpace/hw5_ws/src/rotors_simulator/rotors_gazebo_plugins/msgs/PoseWithCovarianceStamped.proto[0m
[  7%] [34m[1mRunning C++ protocol buffer compiler on /home/kevin/workSpace/hw5_ws/src/rotors_simulator/rotors_gazebo_plugins/msgs/Point.proto[0m
[  8%] [34m[1mRunning C++ protocol buffer compiler on /home/kevin/workSpace/hw5_ws/src/rotors_simulator/rotors_gazebo_plugins/msgs/TwistWithCovariance.proto[0m
[ 10%] [34m[1mRunning C++ protocol buffer compiler on /home/kevin/workSpace/hw5_ws/src/rotors_simulator/rotors_gazebo_plugins/msgs/PointStamped.proto[0m
[ 11%] [34m[1mRunning C++ protocol buffer compiler on /home/kevin/workSpace/hw5_ws/src/rotors_simulator/rotors_gazebo_plugins/msgs/JointState.proto[0m
[ 12%] [34m[1mRunning C++ protocol buffer compiler on /home/kevin/workSpace/hw5_ws/src/rotors_simulator/rotors_gazebo_plugins/msgs/OpticalFlow.proto[0m
[ 13%] [34m[1mRunning C++ protocol buffer compiler on /home/kevin/workSpace/hw5_ws/src/rotors_simulator/rotors_gazebo_plugins/msgs/WrenchStamped.proto[0m
[ 14%] [34m[1mRunning C++ protocol buffer compiler on /home/kevin/workSpace/hw5_ws/src/rotors_simulator/rotors_gazebo_plugins/msgs/Twist.proto[0m
[ 15%] [34m[1mRunning C++ protocol buffer compiler on /home/kevin/workSpace/hw5_ws/src/rotors_simulator/rotors_gazebo_plugins/msgs/MagneticField.proto[0m
[libprotobuf WARNING google/protobuf/descriptor.cc:5411] Warning: Unused import: "MagneticField.proto" imports "quaternion.proto" which is not used.
[ 16%] [34m[1mRunning C++ protocol buffer compiler on /home/kevin/workSpace/hw5_ws/src/rotors_simulator/rotors_gazebo_plugins/msgs/FluidPressure.proto[0m
[ 17%] [34m[1mRunning C++ protocol buffer compiler on /home/kevin/workSpace/hw5_ws/src/rotors_simulator/rotors_gazebo_plugins/msgs/NavSatFix.proto[0m
[ 19%] [34m[1mRunning C++ protocol buffer compiler on /home/kevin/workSpace/hw5_ws/src/rotors_simulator/rotors_gazebo_plugins/msgs/TwistStamped.proto[0m
[ 20%] [34m[1mRunning C++ protocol buffer compiler on /home/kevin/workSpace/hw5_ws/src/rotors_simulator/rotors_gazebo_plugins/msgs/PoseStamped.proto[0m
[ 21%] [34m[1mRunning C++ protocol buffer compiler on /home/kevin/workSpace/hw5_ws/src/rotors_simulator/rotors_gazebo_plugins/msgs/TransformStampedWithFrameIds.proto[0m
[ 22%] [34m[1mRunning C++ protocol buffer compiler on /home/kevin/workSpace/hw5_ws/src/rotors_simulator/rotors_gazebo_plugins/msgs/ConnectRosToGazeboTopic.proto[0m
[ 23%] [34m[1mRunning C++ protocol buffer compiler on /home/kevin/workSpace/hw5_ws/src/rotors_simulator/rotors_gazebo_plugins/msgs/Imu.proto[0m
[ 24%] [34m[1mRunning C++ protocol buffer compiler on /home/kevin/workSpace/hw5_ws/src/rotors_simulator/rotors_gazebo_plugins/msgs/Lidar.proto[0m
[ 25%] [34m[1mRunning C++ protocol buffer compiler on /home/kevin/workSpace/hw5_ws/src/rotors_simulator/rotors_gazebo_plugins/msgs/Vector3dStamped.proto[0m
[ 26%] [34m[1mRunning C++ protocol buffer compiler on /home/kevin/workSpace/hw5_ws/src/rotors_simulator/rotors_gazebo_plugins/msgs/TransformStamped.proto[0m
[ 28%] [34m[1mRunning C++ protocol buffer compiler on /home/kevin/workSpace/hw5_ws/src/rotors_simulator/rotors_gazebo_plugins/msgs/Float32.proto[0m
[ 29%] [34m[1mRunning C++ protocol buffer compiler on /home/kevin/workSpace/hw5_ws/src/rotors_simulator/rotors_gazebo_plugins/msgs/CommandMotorSpeed.proto[0m
[ 30%] [34m[1mRunning C++ protocol buffer compiler on /home/kevin/workSpace/hw5_ws/src/rotors_simulator/rotors_gazebo_plugins/msgs/Wrench.proto[0m
[ 31%] [34m[1mRunning C++ protocol buffer compiler on /home/kevin/workSpace/hw5_ws/src/rotors_simulator/rotors_gazebo_plugins/msgs/Odometry.proto[0m
[ 32%] [34m[1mRunning C++ protocol buffer compiler on /home/kevin/workSpace/hw5_ws/src/rotors_simulator/rotors_gazebo_plugins/msgs/WindSpeed.proto[0m
[ 33%] [34m[1mRunning C++ protocol buffer compiler on /home/kevin/workSpace/hw5_ws/src/rotors_simulator/rotors_gazebo_plugins/msgs/Transform.proto[0m
[35m[1mScanning dependencies of target mav_msgs[0m
[ 34%] [32mBuilding CXX object CMakeFiles/mav_msgs.dir/RollPitchYawrateThrust.pb.cc.o[0m
[ 35%] [32mBuilding CXX object CMakeFiles/mav_msgs.dir/ConnectGazeboToRosTopic.pb.cc.o[0m
[ 37%] [32mBuilding CXX object CMakeFiles/mav_msgs.dir/Actuators.pb.cc.o[0m
[ 38%] [32mBuilding CXX object CMakeFiles/mav_msgs.dir/PoseWithCovariance.pb.cc.o[0m
[ 39%] [32mBuilding CXX object CMakeFiles/mav_msgs.dir/PoseWithCovarianceStamped.pb.cc.o[0m
[ 40%] [32mBuilding CXX object CMakeFiles/mav_msgs.dir/Point.pb.cc.o[0m
[ 40%] [32mBuilding CXX object CMakeFiles/mav_msgs.dir/TwistWithCovariance.pb.cc.o[0m
[ 41%] [32mBuilding CXX object CMakeFiles/mav_msgs.dir/PointStamped.pb.cc.o[0m
[ 42%] [32mBuilding CXX object CMakeFiles/mav_msgs.dir/JointState.pb.cc.o[0m
[ 43%] [32mBuilding CXX object CMakeFiles/mav_msgs.dir/OpticalFlow.pb.cc.o[0m
[ 44%] [32mBuilding CXX object CMakeFiles/mav_msgs.dir/WrenchStamped.pb.cc.o[0m
[ 46%] [32mBuilding CXX object CMakeFiles/mav_msgs.dir/Twist.pb.cc.o[0m
[ 47%] [32mBuilding CXX object CMakeFiles/mav_msgs.dir/MagneticField.pb.cc.o[0m
[ 48%] [32mBuilding CXX object CMakeFiles/mav_msgs.dir/FluidPressure.pb.cc.o[0m
[ 49%] [32mBuilding CXX object CMakeFiles/mav_msgs.dir/NavSatFix.pb.cc.o[0m
[ 50%] [32mBuilding CXX object CMakeFiles/mav_msgs.dir/TwistStamped.pb.cc.o[0m
[ 51%] [32mBuilding CXX object CMakeFiles/mav_msgs.dir/PoseStamped.pb.cc.o[0m
[ 52%] [32mBuilding CXX object CMakeFiles/mav_msgs.dir/TransformStampedWithFrameIds.pb.cc.o[0m
[ 53%] [32mBuilding CXX object CMakeFiles/mav_msgs.dir/ConnectRosToGazeboTopic.pb.cc.o[0m
[ 55%] [32mBuilding CXX object CMakeFiles/mav_msgs.dir/Imu.pb.cc.o[0m
[ 56%] [32mBuilding CXX object CMakeFiles/mav_msgs.dir/Lidar.pb.cc.o[0m
[ 57%] [32mBuilding CXX object CMakeFiles/mav_msgs.dir/Vector3dStamped.pb.cc.o[0m
[ 58%] [32mBuilding CXX object CMakeFiles/mav_msgs.dir/TransformStamped.pb.cc.o[0m
[ 59%] [32mBuilding CXX object CMakeFiles/mav_msgs.dir/Float32.pb.cc.o[0m
[ 60%] [32mBuilding CXX object CMakeFiles/mav_msgs.dir/CommandMotorSpeed.pb.cc.o[0m
[ 61%] [32mBuilding CXX object CMakeFiles/mav_msgs.dir/Wrench.pb.cc.o[0m
[ 62%] [32mBuilding CXX object CMakeFiles/mav_msgs.dir/Odometry.pb.cc.o[0m
[ 64%] [32mBuilding CXX object CMakeFiles/mav_msgs.dir/WindSpeed.pb.cc.o[0m
[ 65%] [32mBuilding CXX object CMakeFiles/mav_msgs.dir/Transform.pb.cc.o[0m
[ 66%] [32mBuilding CXX object CMakeFiles/mav_msgs.dir/Header.pb.cc.o[0m
[ 67%] [32m[1mLinking CXX shared library libmav_msgs.so[0m
[ 67%] Built target mav_msgs
[35m[1mScanning dependencies of target rotors_gazebo_wind_plugin[0m
[35m[1mScanning dependencies of target LiftDragPlugin[0m
[35m[1mScanning dependencies of target rotors_gazebo_pressure_plugin[0m
[35m[1mScanning dependencies of target rotors_gazebo_ros_interface_plugin[0m
[35m[1mScanning dependencies of target rotors_gazebo_lidar_plugin[0m
[35m[1mScanning dependencies of target rotors_gazebo_odometry_plugin[0m
[ 68%] [32mBuilding CXX object CMakeFiles/rotors_gazebo_wind_plugin.dir/src/gazebo_wind_plugin.cpp.o[0m
[ 69%] [32mBuilding CXX object CMakeFiles/rotors_gazebo_ros_interface_plugin.dir/src/gazebo_ros_interface_plugin.cpp.o[0m
[ 69%] [32mBuilding CXX object CMakeFiles/LiftDragPlugin.dir/src/liftdrag_plugin/liftdrag_plugin.cpp.o[0m
[ 70%] [32mBuilding CXX object CMakeFiles/rotors_gazebo_odometry_plugin.dir/src/gazebo_odometry_plugin.cpp.o[0m
[ 71%] [32mBuilding CXX object CMakeFiles/rotors_gazebo_pressure_plugin.dir/src/gazebo_pressure_plugin.cpp.o[0m
[ 73%] [32mBuilding CXX object CMakeFiles/rotors_gazebo_lidar_plugin.dir/src/external/gazebo_lidar_plugin.cpp.o[0m
[35m[1mScanning dependencies of target rotors_gazebo_gps_plugin[0m
[ 74%] [32mBuilding CXX object CMakeFiles/rotors_gazebo_gps_plugin.dir/src/gazebo_gps_plugin.cpp.o[0m
[ 75%] [32m[1mLinking CXX shared library /home/kevin/workSpace/hw5_ws/devel/.private/rotors_gazebo_plugins/lib/libLiftDragPlugin.so[0m
[ 76%] [32m[1mLinking CXX shared library /home/kevin/workSpace/hw5_ws/devel/.private/rotors_gazebo_plugins/lib/librotors_gazebo_pressure_plugin.so[0m
[ 77%] [32m[1mLinking CXX shared library /home/kevin/workSpace/hw5_ws/devel/.private/rotors_gazebo_plugins/lib/librotors_gazebo_lidar_plugin.so[0m
[ 77%] Built target LiftDragPlugin
[35m[1mScanning dependencies of target rotors_gazebo_controller_interface[0m
[ 78%] [32mBuilding CXX object CMakeFiles/rotors_gazebo_controller_interface.dir/src/gazebo_controller_interface.cpp.o[0m
[ 78%] Built target rotors_gazebo_pressure_plugin
[35m[1mScanning dependencies of target rotors_gazebo_fw_dynamics_plugin[0m
[ 78%] Built target rotors_gazebo_lidar_plugin
[35m[1mScanning dependencies of target rotors_gazebo_multirotor_base_plugin[0m
[ 79%] [32m[1mLinking CXX shared library /home/kevin/workSpace/hw5_ws/devel/.private/rotors_gazebo_plugins/lib/librotors_gazebo_wind_plugin.so[0m
[ 80%] [32mBuilding CXX object CMakeFiles/rotors_gazebo_fw_dynamics_plugin.dir/src/gazebo_fw_dynamics_plugin.cpp.o[0m
[ 82%] [32mBuilding CXX object CMakeFiles/rotors_gazebo_multirotor_base_plugin.dir/src/gazebo_multirotor_base_plugin.cpp.o[0m
[ 82%] Built target rotors_gazebo_wind_plugin
[35m[1mScanning dependencies of target rotors_gazebo_magnetometer_plugin[0m
[ 83%] [32mBuilding CXX object CMakeFiles/rotors_gazebo_magnetometer_plugin.dir/src/gazebo_magnetometer_plugin.cpp.o[0m
[ 84%] [32m[1mLinking CXX shared library /home/kevin/workSpace/hw5_ws/devel/.private/rotors_gazebo_plugins/lib/librotors_gazebo_gps_plugin.so[0m
[ 85%] [32m[1mLinking CXX shared library /home/kevin/workSpace/hw5_ws/devel/.private/rotors_gazebo_plugins/lib/librotors_gazebo_odometry_plugin.so[0m
[ 85%] Built target rotors_gazebo_gps_plugin
[35m[1mScanning dependencies of target gazebo_geotagged_images_plugin[0m
[ 86%] [32mBuilding CXX object CMakeFiles/gazebo_geotagged_images_plugin.dir/src/external/gazebo_geotagged_images_plugin.cpp.o[0m
[ 86%] Built target rotors_gazebo_odometry_plugin
[35m[1mScanning dependencies of target rotors_gazebo_imu_plugin[0m
[ 87%] [32mBuilding CXX object CMakeFiles/rotors_gazebo_imu_plugin.dir/src/gazebo_imu_plugin.cpp.o[0m
[ 88%] [32m[1mLinking CXX shared library /home/kevin/workSpace/hw5_ws/devel/.private/rotors_gazebo_plugins/lib/librotors_gazebo_ros_interface_plugin.so[0m
[ 88%] Built target rotors_gazebo_ros_interface_plugin
[35m[1mScanning dependencies of target rotors_gazebo_bag_plugin[0m
[ 89%] [32mBuilding CXX object CMakeFiles/rotors_gazebo_bag_plugin.dir/src/gazebo_bag_plugin.cpp.o[0m
[ 91%] [32m[1mLinking CXX shared library /home/kevin/workSpace/hw5_ws/devel/.private/rotors_gazebo_plugins/lib/librotors_gazebo_controller_interface.so[0m
[ 92%] [32m[1mLinking CXX shared library /home/kevin/workSpace/hw5_ws/devel/.private/rotors_gazebo_plugins/lib/librotors_gazebo_multirotor_base_plugin.so[0m
[ 92%] Built target rotors_gazebo_controller_interface
[35m[1mScanning dependencies of target rotors_gazebo_motor_model[0m
[ 93%] [32mBuilding CXX object CMakeFiles/rotors_gazebo_motor_model.dir/src/gazebo_motor_model.cpp.o[0m
[ 93%] Built target rotors_gazebo_multirotor_base_plugin
[ 94%] [32m[1mLinking CXX shared library /home/kevin/workSpace/hw5_ws/devel/.private/rotors_gazebo_plugins/lib/librotors_gazebo_magnetometer_plugin.so[0m
[ 94%] Built target rotors_gazebo_magnetometer_plugin
[ 95%] [32m[1mLinking CXX shared library /home/kevin/workSpace/hw5_ws/devel/.private/rotors_gazebo_plugins/lib/librotors_gazebo_fw_dynamics_plugin.so[0m
[ 96%] [32m[1mLinking CXX shared library /home/kevin/workSpace/hw5_ws/devel/.private/rotors_gazebo_plugins/lib/librotors_gazebo_imu_plugin.so[0m
[ 96%] Built target rotors_gazebo_fw_dynamics_plugin
[ 96%] Built target rotors_gazebo_imu_plugin
[ 97%] [32m[1mLinking CXX shared library /home/kevin/workSpace/hw5_ws/devel/.private/rotors_gazebo_plugins/lib/librotors_gazebo_motor_model.so[0m
[ 97%] Built target rotors_gazebo_motor_model
[ 98%] [32m[1mLinking CXX shared library /home/kevin/workSpace/hw5_ws/devel/.private/rotors_gazebo_plugins/lib/librotors_gazebo_bag_plugin.so[0m
[ 98%] Built target rotors_gazebo_bag_plugin
[01m[K/home/kevin/workSpace/hw5_ws/src/rotors_simulator/rotors_gazebo_plugins/src/external/gazebo_geotagged_images_plugin.cpp:[m[K In member function ‘[01m[Kvirtual void gazebo::GeotaggedImagesPlugin::Load(gazebo::sensors::SensorPtr, sdf::ElementPtr)[m[K’:
[01m[K/home/kevin/workSpace/hw5_ws/src/rotors_simulator/rotors_gazebo_plugins/src/external/gazebo_geotagged_images_plugin.cpp:83:39:[m[K [01;35m[Kwarning: [m[K‘[01m[Kgazebo::common::Time gazebo::rendering::Scene::GetSimTime() const[m[K’ is deprecated [-Wdeprecated-declarations]
   lastImageTime_ = scene_->GetSimTime();
[01;32m[K                                       ^[m[K
In file included from [01m[K/usr/include/gazebo-7/gazebo/rendering/rendering.hh:40:0[m[K,
                 from [01m[K/home/kevin/workSpace/hw5_ws/src/rotors_simulator/rotors_gazebo_plugins/include/rotors_gazebo_plugins/external/gazebo_geotagged_images_plugin.h:30[m[K,
                 from [01m[K/home/kevin/workSpace/hw5_ws/src/rotors_simulator/rotors_gazebo_plugins/src/external/gazebo_geotagged_images_plugin.cpp:18[m[K:
[01m[K/usr/include/gazebo-7/gazebo/rendering/Scene.hh:639:28:[m[K [01;36m[Knote: [m[Kdeclared here
       public: common::Time GetSimTime() const GAZEBO_DEPRECATED(7.0);
[01;32m[K                            ^[m[K
[01m[K/home/kevin/workSpace/hw5_ws/src/rotors_simulator/rotors_gazebo_plugins/src/external/gazebo_geotagged_images_plugin.cpp:[m[K In member function ‘[01m[Kvoid gazebo::GeotaggedImagesPlugin::OnNewFrame(const unsigned char*)[m[K’:
[01m[K/home/kevin/workSpace/hw5_ws/src/rotors_simulator/rotors_gazebo_plugins/src/external/gazebo_geotagged_images_plugin.cpp:161:49:[m[K [01;35m[Kwarning: [m[K‘[01m[Kgazebo::common::Time gazebo::rendering::Scene::GetSimTime() const[m[K’ is deprecated [-Wdeprecated-declarations]
   common::Time currentTime = scene_->GetSimTime();
[01;32m[K                                                 ^[m[K
In file included from [01m[K/usr/include/gazebo-7/gazebo/rendering/rendering.hh:40:0[m[K,
                 from [01m[K/home/kevin/workSpace/hw5_ws/src/rotors_simulator/rotors_gazebo_plugins/include/rotors_gazebo_plugins/external/gazebo_geotagged_images_plugin.h:30[m[K,
                 from [01m[K/home/kevin/workSpace/hw5_ws/src/rotors_simulator/rotors_gazebo_plugins/src/external/gazebo_geotagged_images_plugin.cpp:18[m[K:
[01m[K/usr/include/gazebo-7/gazebo/rendering/Scene.hh:639:28:[m[K [01;36m[Knote: [m[Kdeclared here
       public: common::Time GetSimTime() const GAZEBO_DEPRECATED(7.0);
[01;32m[K                            ^[m[K
[100%] [32m[1mLinking CXX shared library /home/kevin/workSpace/hw5_ws/devel/.private/rotors_gazebo_plugins/lib/libgazebo_geotagged_images_plugin.so[0m
[100%] Built target gazebo_geotagged_images_plugin
