Determining if the pthread_create exist failed with the following output:
Change Dir: /home/kevin/workSpace/hw5_ws/build/rotors_comm/CMakeFiles/CMakeTmp

Run Build Command:"/usr/bin/make" "cmTC_7616e/fast"
/usr/bin/make -f CMakeFiles/cmTC_7616e.dir/build.make CMakeFiles/cmTC_7616e.dir/build
make[1]: Entering directory '/home/kevin/workSpace/hw5_ws/build/rotors_comm/CMakeFiles/CMakeTmp'
Building C object CMakeFiles/cmTC_7616e.dir/CheckSymbolExists.c.o
/usr/bin/cc     -o CMakeFiles/cmTC_7616e.dir/CheckSymbolExists.c.o   -c /home/kevin/workSpace/hw5_ws/build/rotors_comm/CMakeFiles/CMakeTmp/CheckSymbolExists.c
Linking C executable cmTC_7616e
/usr/bin/cmake -E cmake_link_script CMakeFiles/cmTC_7616e.dir/link.txt --verbose=1
/usr/bin/cc       CMakeFiles/cmTC_7616e.dir/CheckSymbolExists.c.o  -o cmTC_7616e -rdynamic 
CMakeFiles/cmTC_7616e.dir/CheckSymbolExists.c.o: In function `main':
CheckSymbolExists.c:(.text+0x16): undefined reference to `pthread_create'
collect2: error: ld returned 1 exit status
CMakeFiles/cmTC_7616e.dir/build.make:97: recipe for target 'cmTC_7616e' failed
make[1]: *** [cmTC_7616e] Error 1
make[1]: Leaving directory '/home/kevin/workSpace/hw5_ws/build/rotors_comm/CMakeFiles/CMakeTmp'
Makefile:126: recipe for target 'cmTC_7616e/fast' failed
make: *** [cmTC_7616e/fast] Error 2

File /home/kevin/workSpace/hw5_ws/build/rotors_comm/CMakeFiles/CMakeTmp/CheckSymbolExists.c:
/* */
#include <pthread.h>

int main(int argc, char** argv)
{
  (void)argv;
#ifndef pthread_create
  return ((int*)(&pthread_create))[argc];
#else
  (void)argc;
  return 0;
#endif
}

Determining if the function pthread_create exists in the pthreads failed with the following output:
Change Dir: /home/kevin/workSpace/hw5_ws/build/rotors_comm/CMakeFiles/CMakeTmp

Run Build Command:"/usr/bin/make" "cmTC_4decf/fast"
/usr/bin/make -f CMakeFiles/cmTC_4decf.dir/build.make CMakeFiles/cmTC_4decf.dir/build
make[1]: Entering directory '/home/kevin/workSpace/hw5_ws/build/rotors_comm/CMakeFiles/CMakeTmp'
Building C object CMakeFiles/cmTC_4decf.dir/CheckFunctionExists.c.o
/usr/bin/cc    -DCHECK_FUNCTION_EXISTS=pthread_create   -o CMakeFiles/cmTC_4decf.dir/CheckFunctionExists.c.o   -c /usr/share/cmake-3.5/Modules/CheckFunctionExists.c
Linking C executable cmTC_4decf
/usr/bin/cmake -E cmake_link_script CMakeFiles/cmTC_4decf.dir/link.txt --verbose=1
/usr/bin/cc   -DCHECK_FUNCTION_EXISTS=pthread_create    CMakeFiles/cmTC_4decf.dir/CheckFunctionExists.c.o  -o cmTC_4decf -rdynamic -lpthreads 
/usr/bin/ld: cannot find -lpthreads
collect2: error: ld returned 1 exit status
CMakeFiles/cmTC_4decf.dir/build.make:97: recipe for target 'cmTC_4decf' failed
make[1]: *** [cmTC_4decf] Error 1
make[1]: Leaving directory '/home/kevin/workSpace/hw5_ws/build/rotors_comm/CMakeFiles/CMakeTmp'
Makefile:126: recipe for target 'cmTC_4decf/fast' failed
make: *** [cmTC_4decf/fast] Error 2


