Determining if the pthread_create exist failed with the following output:
Change Dir: /home/kevin/workSpace/hw5_ws/build/mav_msgs/CMakeFiles/CMakeTmp

Run Build Command:"/usr/bin/make" "cmTC_3847f/fast"
/usr/bin/make -f CMakeFiles/cmTC_3847f.dir/build.make CMakeFiles/cmTC_3847f.dir/build
make[1]: Entering directory '/home/kevin/workSpace/hw5_ws/build/mav_msgs/CMakeFiles/CMakeTmp'
Building C object CMakeFiles/cmTC_3847f.dir/CheckSymbolExists.c.o
/usr/bin/cc     -o CMakeFiles/cmTC_3847f.dir/CheckSymbolExists.c.o   -c /home/kevin/workSpace/hw5_ws/build/mav_msgs/CMakeFiles/CMakeTmp/CheckSymbolExists.c
Linking C executable cmTC_3847f
/usr/bin/cmake -E cmake_link_script CMakeFiles/cmTC_3847f.dir/link.txt --verbose=1
/usr/bin/cc       CMakeFiles/cmTC_3847f.dir/CheckSymbolExists.c.o  -o cmTC_3847f -rdynamic 
CMakeFiles/cmTC_3847f.dir/CheckSymbolExists.c.o: In function `main':
CheckSymbolExists.c:(.text+0x16): undefined reference to `pthread_create'
collect2: error: ld returned 1 exit status
CMakeFiles/cmTC_3847f.dir/build.make:97: recipe for target 'cmTC_3847f' failed
make[1]: *** [cmTC_3847f] Error 1
make[1]: Leaving directory '/home/kevin/workSpace/hw5_ws/build/mav_msgs/CMakeFiles/CMakeTmp'
Makefile:126: recipe for target 'cmTC_3847f/fast' failed
make: *** [cmTC_3847f/fast] Error 2

File /home/kevin/workSpace/hw5_ws/build/mav_msgs/CMakeFiles/CMakeTmp/CheckSymbolExists.c:
/* */
#include <pthread.h>

int main(int argc, char** argv)
{
  (void)argv;
#ifndef pthread_create
  return ((int*)(&pthread_create))[argc];
#else
  (void)argc;
  return 0;
#endif
}

Determining if the function pthread_create exists in the pthreads failed with the following output:
Change Dir: /home/kevin/workSpace/hw5_ws/build/mav_msgs/CMakeFiles/CMakeTmp

Run Build Command:"/usr/bin/make" "cmTC_4dfee/fast"
/usr/bin/make -f CMakeFiles/cmTC_4dfee.dir/build.make CMakeFiles/cmTC_4dfee.dir/build
make[1]: Entering directory '/home/kevin/workSpace/hw5_ws/build/mav_msgs/CMakeFiles/CMakeTmp'
Building C object CMakeFiles/cmTC_4dfee.dir/CheckFunctionExists.c.o
/usr/bin/cc    -DCHECK_FUNCTION_EXISTS=pthread_create   -o CMakeFiles/cmTC_4dfee.dir/CheckFunctionExists.c.o   -c /usr/share/cmake-3.5/Modules/CheckFunctionExists.c
Linking C executable cmTC_4dfee
/usr/bin/cmake -E cmake_link_script CMakeFiles/cmTC_4dfee.dir/link.txt --verbose=1
/usr/bin/cc   -DCHECK_FUNCTION_EXISTS=pthread_create    CMakeFiles/cmTC_4dfee.dir/CheckFunctionExists.c.o  -o cmTC_4dfee -rdynamic -lpthreads 
/usr/bin/ld: cannot find -lpthreads
collect2: error: ld returned 1 exit status
CMakeFiles/cmTC_4dfee.dir/build.make:97: recipe for target 'cmTC_4dfee' failed
make[1]: *** [cmTC_4dfee] Error 1
make[1]: Leaving directory '/home/kevin/workSpace/hw5_ws/build/mav_msgs/CMakeFiles/CMakeTmp'
Makefile:126: recipe for target 'cmTC_4dfee/fast' failed
make: *** [cmTC_4dfee/fast] Error 2


