Determining if the pthread_create exist failed with the following output:
Change Dir: /home/kevin/workSpace/hw5_ws/build/rotors_control/CMakeFiles/CMakeTmp

Run Build Command:"/usr/bin/make" "cmTC_d26ef/fast"
/usr/bin/make -f CMakeFiles/cmTC_d26ef.dir/build.make CMakeFiles/cmTC_d26ef.dir/build
make[1]: Entering directory '/home/kevin/workSpace/hw5_ws/build/rotors_control/CMakeFiles/CMakeTmp'
Building C object CMakeFiles/cmTC_d26ef.dir/CheckSymbolExists.c.o
/usr/bin/cc     -o CMakeFiles/cmTC_d26ef.dir/CheckSymbolExists.c.o   -c /home/kevin/workSpace/hw5_ws/build/rotors_control/CMakeFiles/CMakeTmp/CheckSymbolExists.c
Linking C executable cmTC_d26ef
/usr/bin/cmake -E cmake_link_script CMakeFiles/cmTC_d26ef.dir/link.txt --verbose=1
/usr/bin/cc       CMakeFiles/cmTC_d26ef.dir/CheckSymbolExists.c.o  -o cmTC_d26ef -rdynamic 
CMakeFiles/cmTC_d26ef.dir/CheckSymbolExists.c.o: In function `main':
CheckSymbolExists.c:(.text+0x16): undefined reference to `pthread_create'
collect2: error: ld returned 1 exit status
CMakeFiles/cmTC_d26ef.dir/build.make:97: recipe for target 'cmTC_d26ef' failed
make[1]: *** [cmTC_d26ef] Error 1
make[1]: Leaving directory '/home/kevin/workSpace/hw5_ws/build/rotors_control/CMakeFiles/CMakeTmp'
Makefile:126: recipe for target 'cmTC_d26ef/fast' failed
make: *** [cmTC_d26ef/fast] Error 2

File /home/kevin/workSpace/hw5_ws/build/rotors_control/CMakeFiles/CMakeTmp/CheckSymbolExists.c:
/* */
#include <pthread.h>

int main(int argc, char** argv)
{
  (void)argv;
#ifndef pthread_create
  return ((int*)(&pthread_create))[argc];
#else
  (void)argc;
  return 0;
#endif
}

Determining if the function pthread_create exists in the pthreads failed with the following output:
Change Dir: /home/kevin/workSpace/hw5_ws/build/rotors_control/CMakeFiles/CMakeTmp

Run Build Command:"/usr/bin/make" "cmTC_74f90/fast"
/usr/bin/make -f CMakeFiles/cmTC_74f90.dir/build.make CMakeFiles/cmTC_74f90.dir/build
make[1]: Entering directory '/home/kevin/workSpace/hw5_ws/build/rotors_control/CMakeFiles/CMakeTmp'
Building C object CMakeFiles/cmTC_74f90.dir/CheckFunctionExists.c.o
/usr/bin/cc    -DCHECK_FUNCTION_EXISTS=pthread_create   -o CMakeFiles/cmTC_74f90.dir/CheckFunctionExists.c.o   -c /usr/share/cmake-3.5/Modules/CheckFunctionExists.c
Linking C executable cmTC_74f90
/usr/bin/cmake -E cmake_link_script CMakeFiles/cmTC_74f90.dir/link.txt --verbose=1
/usr/bin/cc   -DCHECK_FUNCTION_EXISTS=pthread_create    CMakeFiles/cmTC_74f90.dir/CheckFunctionExists.c.o  -o cmTC_74f90 -rdynamic -lpthreads 
/usr/bin/ld: cannot find -lpthreads
collect2: error: ld returned 1 exit status
CMakeFiles/cmTC_74f90.dir/build.make:97: recipe for target 'cmTC_74f90' failed
make[1]: *** [cmTC_74f90] Error 1
make[1]: Leaving directory '/home/kevin/workSpace/hw5_ws/build/rotors_control/CMakeFiles/CMakeTmp'
Makefile:126: recipe for target 'cmTC_74f90/fast' failed
make: *** [cmTC_74f90/fast] Error 2


