[35m[1mScanning dependencies of target _nav_r_generate_messages_check_deps_AprilTagDetectionArray[0m
[  0%] Built target _nav_r_generate_messages_check_deps_AprilTagDetectionArray
[35m[1mScanning dependencies of target geometry_msgs_generate_messages_nodejs[0m
[  0%] Built target geometry_msgs_generate_messages_nodejs
[35m[1mScanning dependencies of target sensor_msgs_generate_messages_nodejs[0m
[  0%] Built target sensor_msgs_generate_messages_nodejs
[35m[1mScanning dependencies of target std_msgs_generate_messages_nodejs[0m
[  0%] Built target std_msgs_generate_messages_nodejs
[35m[1mScanning dependencies of target _nav_r_generate_messages_check_deps_AprilTagDetection[0m
[  0%] Built target _nav_r_generate_messages_check_deps_AprilTagDetection
[35m[1mScanning dependencies of target std_msgs_generate_messages_py[0m
[  0%] Built target std_msgs_generate_messages_py
[35m[1mScanning dependencies of target sensor_msgs_generate_messages_py[0m
[35m[1mScanning dependencies of target geometry_msgs_generate_messages_py[0m
[  0%] Built target geometry_msgs_generate_messages_py
[  0%] Built target sensor_msgs_generate_messages_py
[35m[1mScanning dependencies of target std_msgs_generate_messages_lisp[0m
[  0%] Built target std_msgs_generate_messages_lisp
[35m[1mScanning dependencies of target geometry_msgs_generate_messages_lisp[0m
[  0%] Built target geometry_msgs_generate_messages_lisp
[35m[1mScanning dependencies of target sensor_msgs_generate_messages_lisp[0m
[  0%] Built target sensor_msgs_generate_messages_lisp
[35m[1mScanning dependencies of target std_msgs_generate_messages_eus[0m
[  0%] Built target std_msgs_generate_messages_eus
[35m[1mScanning dependencies of target sensor_msgs_generate_messages_eus[0m
[  0%] Built target sensor_msgs_generate_messages_eus
[35m[1mScanning dependencies of target geometry_msgs_generate_messages_eus[0m
[  0%] Built target geometry_msgs_generate_messages_eus
[35m[1mScanning dependencies of target sensor_msgs_generate_messages_cpp[0m
[  0%] Built target sensor_msgs_generate_messages_cpp
[35m[1mScanning dependencies of target std_msgs_generate_messages_cpp[0m
[  0%] Built target std_msgs_generate_messages_cpp
[35m[1mScanning dependencies of target geometry_msgs_generate_messages_cpp[0m
[  0%] Built target geometry_msgs_generate_messages_cpp
[35m[1mScanning dependencies of target roscpp_generate_messages_lisp[0m
[  0%] Built target roscpp_generate_messages_lisp
[35m[1mScanning dependencies of target rosgraph_msgs_generate_messages_lisp[0m
[  0%] Built target rosgraph_msgs_generate_messages_lisp
[35m[1mScanning dependencies of target roscpp_generate_messages_nodejs[0m
[  0%] Built target roscpp_generate_messages_nodejs
[35m[1mScanning dependencies of target rosgraph_msgs_generate_messages_nodejs[0m
[  0%] Built target rosgraph_msgs_generate_messages_nodejs
[35m[1mScanning dependencies of target rosgraph_msgs_generate_messages_cpp[0m
[  0%] Built target rosgraph_msgs_generate_messages_cpp
[35m[1mScanning dependencies of target roscpp_generate_messages_eus[0m
[  0%] Built target roscpp_generate_messages_eus
[35m[1mScanning dependencies of target roscpp_generate_messages_cpp[0m
[  0%] Built target roscpp_generate_messages_cpp
[35m[1mScanning dependencies of target rosgraph_msgs_generate_messages_eus[0m
[  0%] Built target rosgraph_msgs_generate_messages_eus
[35m[1mScanning dependencies of target roscpp_generate_messages_py[0m
[  0%] Built target roscpp_generate_messages_py
[35m[1mScanning dependencies of target rosgraph_msgs_generate_messages_py[0m
[  0%] Built target rosgraph_msgs_generate_messages_py
[35m[1mScanning dependencies of target nav_r_generate_messages_nodejs[0m
[  7%] [34m[1mGenerating Javascript code from nav_r/AprilTagDetection.msg[0m
[ 14%] [34m[1mGenerating Javascript code from nav_r/AprilTagDetectionArray.msg[0m
[ 14%] Built target nav_r_generate_messages_nodejs
[35m[1mScanning dependencies of target nav_r_generate_messages_py[0m
[ 21%] [34m[1mGenerating Python from MSG nav_r/AprilTagDetection[0m
[ 28%] [34m[1mGenerating Python from MSG nav_r/AprilTagDetectionArray[0m
[ 35%] [34m[1mGenerating Python msg __init__.py for nav_r[0m
[ 35%] Built target nav_r_generate_messages_py
[35m[1mScanning dependencies of target nav_r_generate_messages_lisp[0m
[ 42%] [34m[1mGenerating Lisp code from nav_r/AprilTagDetection.msg[0m
[ 50%] [34m[1mGenerating Lisp code from nav_r/AprilTagDetectionArray.msg[0m
[ 50%] Built target nav_r_generate_messages_lisp
[35m[1mScanning dependencies of target nav_r_generate_messages_eus[0m
[ 57%] [34m[1mGenerating EusLisp code from nav_r/AprilTagDetection.msg[0m
[ 64%] [34m[1mGenerating EusLisp code from nav_r/AprilTagDetectionArray.msg[0m
[ 71%] [34m[1mGenerating EusLisp manifest code for nav_r[0m
[ 71%] Built target nav_r_generate_messages_eus
[35m[1mScanning dependencies of target nav_r_generate_messages_cpp[0m
[ 78%] [34m[1mGenerating C++ code from nav_r/AprilTagDetection.msg[0m
[ 85%] [34m[1mGenerating C++ code from nav_r/AprilTagDetectionArray.msg[0m
[ 85%] Built target nav_r_generate_messages_cpp
[35m[1mScanning dependencies of target pub_pose[0m
[35m[1mScanning dependencies of target nav_r_generate_messages[0m
[ 85%] Built target nav_r_generate_messages
[ 92%] [32mBuilding CXX object CMakeFiles/pub_pose.dir/src/pub_pose.cpp.o[0m
[01m[K/home/kevin/workSpace/hw5_ws/src/nav_r/src/pub_pose.cpp:1:51:[m[K [01;31m[Kfatal error: [m[Kapriltags2_ros/AprilTagDetectionArray.h: No such file or directory
compilation terminated.
CMakeFiles/pub_pose.dir/build.make:62: recipe for target 'CMakeFiles/pub_pose.dir/src/pub_pose.cpp.o' failed
make[2]: *** [CMakeFiles/pub_pose.dir/src/pub_pose.cpp.o] Error 1
make[1]: *** [CMakeFiles/pub_pose.dir/all] Error 2
CMakeFiles/Makefile2:1501: recipe for target 'CMakeFiles/pub_pose.dir/all' failed
Makefile:138: recipe for target 'all' failed
make: *** [all] Error 2
