Determining if the pthread_create exist failed with the following output:
Change Dir: /home/kevin/workSpace/hw5_ws/build/mavros_msgs/CMakeFiles/CMakeTmp

Run Build Command:"/usr/bin/make" "cmTC_3a76c/fast"
/usr/bin/make -f CMakeFiles/cmTC_3a76c.dir/build.make CMakeFiles/cmTC_3a76c.dir/build
make[1]: Entering directory '/home/kevin/workSpace/hw5_ws/build/mavros_msgs/CMakeFiles/CMakeTmp'
Building C object CMakeFiles/cmTC_3a76c.dir/CheckSymbolExists.c.o
/usr/bin/cc     -o CMakeFiles/cmTC_3a76c.dir/CheckSymbolExists.c.o   -c /home/kevin/workSpace/hw5_ws/build/mavros_msgs/CMakeFiles/CMakeTmp/CheckSymbolExists.c
Linking C executable cmTC_3a76c
/usr/bin/cmake -E cmake_link_script CMakeFiles/cmTC_3a76c.dir/link.txt --verbose=1
/usr/bin/cc       CMakeFiles/cmTC_3a76c.dir/CheckSymbolExists.c.o  -o cmTC_3a76c -rdynamic 
CMakeFiles/cmTC_3a76c.dir/CheckSymbolExists.c.o: In function `main':
CheckSymbolExists.c:(.text+0x16): undefined reference to `pthread_create'
collect2: error: ld returned 1 exit status
CMakeFiles/cmTC_3a76c.dir/build.make:97: recipe for target 'cmTC_3a76c' failed
make[1]: *** [cmTC_3a76c] Error 1
make[1]: Leaving directory '/home/kevin/workSpace/hw5_ws/build/mavros_msgs/CMakeFiles/CMakeTmp'
Makefile:126: recipe for target 'cmTC_3a76c/fast' failed
make: *** [cmTC_3a76c/fast] Error 2

File /home/kevin/workSpace/hw5_ws/build/mavros_msgs/CMakeFiles/CMakeTmp/CheckSymbolExists.c:
/* */
#include <pthread.h>

int main(int argc, char** argv)
{
  (void)argv;
#ifndef pthread_create
  return ((int*)(&pthread_create))[argc];
#else
  (void)argc;
  return 0;
#endif
}

Determining if the function pthread_create exists in the pthreads failed with the following output:
Change Dir: /home/kevin/workSpace/hw5_ws/build/mavros_msgs/CMakeFiles/CMakeTmp

Run Build Command:"/usr/bin/make" "cmTC_66556/fast"
/usr/bin/make -f CMakeFiles/cmTC_66556.dir/build.make CMakeFiles/cmTC_66556.dir/build
make[1]: Entering directory '/home/kevin/workSpace/hw5_ws/build/mavros_msgs/CMakeFiles/CMakeTmp'
Building C object CMakeFiles/cmTC_66556.dir/CheckFunctionExists.c.o
/usr/bin/cc    -DCHECK_FUNCTION_EXISTS=pthread_create   -o CMakeFiles/cmTC_66556.dir/CheckFunctionExists.c.o   -c /usr/share/cmake-3.5/Modules/CheckFunctionExists.c
Linking C executable cmTC_66556
/usr/bin/cmake -E cmake_link_script CMakeFiles/cmTC_66556.dir/link.txt --verbose=1
/usr/bin/cc   -DCHECK_FUNCTION_EXISTS=pthread_create    CMakeFiles/cmTC_66556.dir/CheckFunctionExists.c.o  -o cmTC_66556 -rdynamic -lpthreads 
/usr/bin/ld: cannot find -lpthreads
collect2: error: ld returned 1 exit status
CMakeFiles/cmTC_66556.dir/build.make:97: recipe for target 'cmTC_66556' failed
make[1]: *** [cmTC_66556] Error 1
make[1]: Leaving directory '/home/kevin/workSpace/hw5_ws/build/mavros_msgs/CMakeFiles/CMakeTmp'
Makefile:126: recipe for target 'cmTC_66556/fast' failed
make: *** [cmTC_66556/fast] Error 2


