Determining if the pthread_create exist failed with the following output:
Change Dir: /home/kevin/workSpace/hw5_ws/build/apriltags2/CMakeFiles/CMakeTmp

Run Build Command:"/usr/bin/make" "cmTC_d1b88/fast"
/usr/bin/make -f CMakeFiles/cmTC_d1b88.dir/build.make CMakeFiles/cmTC_d1b88.dir/build
make[1]: Entering directory '/home/kevin/workSpace/hw5_ws/build/apriltags2/CMakeFiles/CMakeTmp'
Building C object CMakeFiles/cmTC_d1b88.dir/CheckSymbolExists.c.o
/usr/bin/cc    -std=gnu99 -fPIC -Wall -Wno-unused-parameter -Wno-unused-function -I. -O4 -fno-strict-overflow    -o CMakeFiles/cmTC_d1b88.dir/CheckSymbolExists.c.o   -c /home/kevin/workSpace/hw5_ws/build/apriltags2/CMakeFiles/CMakeTmp/CheckSymbolExists.c
Linking C executable cmTC_d1b88
/usr/bin/cmake -E cmake_link_script CMakeFiles/cmTC_d1b88.dir/link.txt --verbose=1
/usr/bin/cc  -std=gnu99 -fPIC -Wall -Wno-unused-parameter -Wno-unused-function -I. -O4 -fno-strict-overflow     CMakeFiles/cmTC_d1b88.dir/CheckSymbolExists.c.o  -o cmTC_d1b88 -rdynamic 
CMakeFiles/cmTC_d1b88.dir/CheckSymbolExists.c.o: In function `main':
CheckSymbolExists.c:(.text.startup+0x3): undefined reference to `pthread_create'
collect2: error: ld returned 1 exit status
CMakeFiles/cmTC_d1b88.dir/build.make:97: recipe for target 'cmTC_d1b88' failed
make[1]: *** [cmTC_d1b88] Error 1
make[1]: Leaving directory '/home/kevin/workSpace/hw5_ws/build/apriltags2/CMakeFiles/CMakeTmp'
Makefile:126: recipe for target 'cmTC_d1b88/fast' failed
make: *** [cmTC_d1b88/fast] Error 2

File /home/kevin/workSpace/hw5_ws/build/apriltags2/CMakeFiles/CMakeTmp/CheckSymbolExists.c:
/* */
#include <pthread.h>

int main(int argc, char** argv)
{
  (void)argv;
#ifndef pthread_create
  return ((int*)(&pthread_create))[argc];
#else
  (void)argc;
  return 0;
#endif
}

Determining if the function pthread_create exists in the pthreads failed with the following output:
Change Dir: /home/kevin/workSpace/hw5_ws/build/apriltags2/CMakeFiles/CMakeTmp

Run Build Command:"/usr/bin/make" "cmTC_aa85d/fast"
/usr/bin/make -f CMakeFiles/cmTC_aa85d.dir/build.make CMakeFiles/cmTC_aa85d.dir/build
make[1]: Entering directory '/home/kevin/workSpace/hw5_ws/build/apriltags2/CMakeFiles/CMakeTmp'
Building C object CMakeFiles/cmTC_aa85d.dir/CheckFunctionExists.c.o
/usr/bin/cc    -std=gnu99 -fPIC -Wall -Wno-unused-parameter -Wno-unused-function -I. -O4 -fno-strict-overflow -DCHECK_FUNCTION_EXISTS=pthread_create   -o CMakeFiles/cmTC_aa85d.dir/CheckFunctionExists.c.o   -c /usr/share/cmake-3.5/Modules/CheckFunctionExists.c
Linking C executable cmTC_aa85d
/usr/bin/cmake -E cmake_link_script CMakeFiles/cmTC_aa85d.dir/link.txt --verbose=1
/usr/bin/cc  -std=gnu99 -fPIC -Wall -Wno-unused-parameter -Wno-unused-function -I. -O4 -fno-strict-overflow -DCHECK_FUNCTION_EXISTS=pthread_create    CMakeFiles/cmTC_aa85d.dir/CheckFunctionExists.c.o  -o cmTC_aa85d -rdynamic -lpthreads 
/usr/bin/ld: cannot find -lpthreads
collect2: error: ld returned 1 exit status
CMakeFiles/cmTC_aa85d.dir/build.make:97: recipe for target 'cmTC_aa85d' failed
make[1]: *** [cmTC_aa85d] Error 1
make[1]: Leaving directory '/home/kevin/workSpace/hw5_ws/build/apriltags2/CMakeFiles/CMakeTmp'
Makefile:126: recipe for target 'cmTC_aa85d/fast' failed
make: *** [cmTC_aa85d/fast] Error 2


