Determining if the pthread_create exist failed with the following output:
Change Dir: /home/kevin/workSpace/hw5_ws/build/pub_pose_contral/CMakeFiles/CMakeTmp

Run Build Command:"/usr/bin/make" "cmTC_66ae2/fast"
/usr/bin/make -f CMakeFiles/cmTC_66ae2.dir/build.make CMakeFiles/cmTC_66ae2.dir/build
make[1]: Entering directory '/home/kevin/workSpace/hw5_ws/build/pub_pose_contral/CMakeFiles/CMakeTmp'
Building C object CMakeFiles/cmTC_66ae2.dir/CheckSymbolExists.c.o
/usr/bin/cc     -o CMakeFiles/cmTC_66ae2.dir/CheckSymbolExists.c.o   -c /home/kevin/workSpace/hw5_ws/build/pub_pose_contral/CMakeFiles/CMakeTmp/CheckSymbolExists.c
Linking C executable cmTC_66ae2
/usr/bin/cmake -E cmake_link_script CMakeFiles/cmTC_66ae2.dir/link.txt --verbose=1
/usr/bin/cc       CMakeFiles/cmTC_66ae2.dir/CheckSymbolExists.c.o  -o cmTC_66ae2 -rdynamic 
CMakeFiles/cmTC_66ae2.dir/CheckSymbolExists.c.o: In function `main':
CheckSymbolExists.c:(.text+0x16): undefined reference to `pthread_create'
collect2: error: ld returned 1 exit status
CMakeFiles/cmTC_66ae2.dir/build.make:97: recipe for target 'cmTC_66ae2' failed
make[1]: *** [cmTC_66ae2] Error 1
make[1]: Leaving directory '/home/kevin/workSpace/hw5_ws/build/pub_pose_contral/CMakeFiles/CMakeTmp'
Makefile:126: recipe for target 'cmTC_66ae2/fast' failed
make: *** [cmTC_66ae2/fast] Error 2

File /home/kevin/workSpace/hw5_ws/build/pub_pose_contral/CMakeFiles/CMakeTmp/CheckSymbolExists.c:
/* */
#include <pthread.h>

int main(int argc, char** argv)
{
  (void)argv;
#ifndef pthread_create
  return ((int*)(&pthread_create))[argc];
#else
  (void)argc;
  return 0;
#endif
}

Determining if the function pthread_create exists in the pthreads failed with the following output:
Change Dir: /home/kevin/workSpace/hw5_ws/build/pub_pose_contral/CMakeFiles/CMakeTmp

Run Build Command:"/usr/bin/make" "cmTC_42e81/fast"
/usr/bin/make -f CMakeFiles/cmTC_42e81.dir/build.make CMakeFiles/cmTC_42e81.dir/build
make[1]: Entering directory '/home/kevin/workSpace/hw5_ws/build/pub_pose_contral/CMakeFiles/CMakeTmp'
Building C object CMakeFiles/cmTC_42e81.dir/CheckFunctionExists.c.o
/usr/bin/cc    -DCHECK_FUNCTION_EXISTS=pthread_create   -o CMakeFiles/cmTC_42e81.dir/CheckFunctionExists.c.o   -c /usr/share/cmake-3.5/Modules/CheckFunctionExists.c
Linking C executable cmTC_42e81
/usr/bin/cmake -E cmake_link_script CMakeFiles/cmTC_42e81.dir/link.txt --verbose=1
/usr/bin/cc   -DCHECK_FUNCTION_EXISTS=pthread_create    CMakeFiles/cmTC_42e81.dir/CheckFunctionExists.c.o  -o cmTC_42e81 -rdynamic -lpthreads 
/usr/bin/ld: cannot find -lpthreads
collect2: error: ld returned 1 exit status
CMakeFiles/cmTC_42e81.dir/build.make:97: recipe for target 'cmTC_42e81' failed
make[1]: *** [cmTC_42e81] Error 1
make[1]: Leaving directory '/home/kevin/workSpace/hw5_ws/build/pub_pose_contral/CMakeFiles/CMakeTmp'
Makefile:126: recipe for target 'cmTC_42e81/fast' failed
make: *** [cmTC_42e81/fast] Error 2


